#
# There is insufficient memory for the Java Runtime Environment to continue.
# Native memory allocation (mmap) failed to map 49283072 bytes for Failed to commit area from 0x000000008e700000 to 0x0000000091600000 of length 49283072.
# Possible reasons:
#   The system is out of physical RAM or swap space
#   The process is running with CompressedOops enabled, and the Java Heap may be blocking the growth of the native heap
# Possible solutions:
#   Reduce memory load on the system
#   Increase physical memory or swap space
#   Check if swap backing store is full
#   Decrease Java heap size (-Xmx/-Xms)
#   Decrease number of Java threads
#   Decrease Java thread stack sizes (-Xss)
#   Set larger code cache with -XX:ReservedCodeCacheSize=
#   JVM is running with Unscaled Compressed Oops mode in which the Java heap is
#     placed in the first 4GB address space. The Java Heap base address is the
#     maximum limit for the native heap growth. Please use -XX:HeapBaseMinAddress
#     to set the Java Heap base and to place the Java Heap above 4GB virtual address.
# This output file may be truncated or incomplete.
#
#  Out of Memory Error (./src/hotspot/os/windows/os_windows.cpp:3301), pid=40584, tid=14580
#
# JRE version: OpenJDK Runtime Environment (11.0.10) (build 11.0.10+0-b96-7249189)
# Java VM: OpenJDK 64-Bit Server VM (11.0.10+0-b96-7249189, mixed mode, tiered, compressed oops, g1 gc, windows-amd64)
# No core dump will be written. Minidumps are not enabled by default on client versions of Windows
#

---------------  S U M M A R Y ------------

Command Line: --add-opens=java.base/java.util=ALL-UNNAMED --add-opens=java.base/java.lang=ALL-UNNAMED --add-opens=java.base/java.lang.invoke=ALL-UNNAMED --add-opens=java.base/java.util=ALL-UNNAMED --add-opens=java.prefs/java.util.prefs=ALL-UNNAMED --add-opens=java.prefs/java.util.prefs=ALL-UNNAMED --add-opens=java.base/java.nio.charset=ALL-UNNAMED --add-opens=java.base/java.net=ALL-UNNAMED --add-opens=java.base/java.util.concurrent.atomic=ALL-UNNAMED -Xmx2048m -Dfile.encoding=UTF-8 -Duser.country=US -Duser.language=en -Duser.variant org.gradle.launcher.daemon.bootstrap.GradleDaemon 7.0.2

Host: Intel(R) Core(TM) i5-4590 CPU @ 3.30GHz, 4 cores, 11G,  Windows 10 , 64 bit Build 22000 (10.0.22000.675)
Time: Thu Aug  4 21:56:09 2022 Pakistan Standard Time elapsed time: 816.473632 seconds (0d 0h 13m 36s)

---------------  T H R E A D  ---------------

Current thread (0x00000254bb836800):  VMThread "VM Thread" [stack: 0x000000bf8a300000,0x000000bf8a400000] [id=14580]

Stack: [0x000000bf8a300000,0x000000bf8a400000]
[error occurred during error reporting (printing stack bounds), id 0xc0000005, EXCEPTION_ACCESS_VIOLATION (0xc0000005) at pc=0x00000254a4f00f2d]

Native frames: (J=compiled Java code, j=interpreted, Vv=VM code, C=native code)
V  [jvm.dll+0x5ecfaa]
V  [jvm.dll+0x722bd5]
V  [jvm.dll+0x72412d]
V  [jvm.dll+0x724745]
V  [jvm.dll+0x7246fb]
V  [jvm.dll+0x5ec348]
V  [jvm.dll+0x5ecad8]
C  [ntdll.dll+0xa8e4f]
C  [ntdll.dll+0x35e9a]
C  [ntdll.dll+0xa7e5e]
C  0x00000254a4f00f2d

VM_Operation (0x000000bf8e1fb9c0): G1CollectForAllocation, mode: safepoint, requested by thread 0x00000254bf357800


---------------  P R O C E S S  ---------------

Threads class SMR info:
_java_thread_list=0x00000254c159d660, length=59, elements={
0x00000254a140d800, 0x00000254bb013000, 0x00000254bb020800, 0x00000254bb028000,
0x00000254bb02a000, 0x00000254bb02b800, 0x00000254bb02e800, 0x00000254bb896000,
0x00000254bb89e000, 0x00000254bba07800, 0x00000254bcdf4000, 0x00000254be313800,
0x00000254bdd37800, 0x00000254be158800, 0x00000254be154800, 0x00000254be15b000,
0x00000254be155800, 0x00000254be156000, 0x00000254bf34a800, 0x00000254bf34e800,
0x00000254bf34f800, 0x00000254bf349800, 0x00000254bf352800, 0x00000254bf356800,
0x00000254bf355000, 0x00000254bf811800, 0x00000254c1d61000, 0x00000254bf811000,
0x00000254bf812800, 0x00000254bf80c800, 0x00000254bf810000, 0x00000254bf813000,
0x00000254bf80d800, 0x00000254bf814000, 0x00000254bf80e800, 0x00000254bf815000,
0x00000254bf80f000, 0x00000254bf819000, 0x00000254bf81a000, 0x00000254bf818000,
0x00000254bf817800, 0x00000254bf81a800, 0x00000254bf816800, 0x00000254bf81b800,
0x00000254bf815800, 0x00000254c1d5f800, 0x00000254c1d5f000, 0x00000254c1d65800,
0x00000254c1d64800, 0x00000254c1d63800, 0x00000254c1d63000, 0x00000254c1d62000,
0x00000254bf357800, 0x00000254bf352000, 0x00000254bf358800, 0x00000254be157000,
0x00000254be158000, 0x00000254be159800, 0x00000254c5e42000
}

Java Threads: ( => current thread )
  0x00000254a140d800 JavaThread "main" [_thread_blocked, id=36544, stack(0x000000bf89d00000,0x000000bf89e00000)]
  0x00000254bb013000 JavaThread "Reference Handler" daemon [_thread_blocked, id=38924, stack(0x000000bf8a400000,0x000000bf8a500000)]
  0x00000254bb020800 JavaThread "Finalizer" daemon [_thread_blocked, id=38764, stack(0x000000bf8a500000,0x000000bf8a600000)]
  0x00000254bb028000 JavaThread "Signal Dispatcher" daemon [_thread_blocked, id=8220, stack(0x000000bf8a600000,0x000000bf8a700000)]
  0x00000254bb02a000 JavaThread "Attach Listener" daemon [_thread_blocked, id=12524, stack(0x000000bf8a700000,0x000000bf8a800000)]
  0x00000254bb02b800 JavaThread "Service Thread" daemon [_thread_blocked, id=18836, stack(0x000000bf8a800000,0x000000bf8a900000)]
  0x00000254bb02e800 JavaThread "C2 CompilerThread0" daemon [_thread_blocked, id=39120, stack(0x000000bf8a900000,0x000000bf8aa00000)]
  0x00000254bb896000 JavaThread "C1 CompilerThread0" daemon [_thread_blocked, id=38116, stack(0x000000bf8aa00000,0x000000bf8ab00000)]
  0x00000254bb89e000 JavaThread "Sweeper thread" daemon [_thread_blocked, id=39000, stack(0x000000bf8ab00000,0x000000bf8ac00000)]
  0x00000254bba07800 JavaThread "Common-Cleaner" daemon [_thread_blocked, id=33192, stack(0x000000bf8ac00000,0x000000bf8ad00000)]
  0x00000254bcdf4000 JavaThread "Daemon health stats" [_thread_blocked, id=36728, stack(0x000000bf8b200000,0x000000bf8b300000)]
  0x00000254be313800 JavaThread "Incoming local TCP Connector on port 54243" [_thread_in_native, id=9152, stack(0x000000bf8ae00000,0x000000bf8af00000)]
  0x00000254bdd37800 JavaThread "Daemon periodic checks" [_thread_blocked, id=13800, stack(0x000000bf8b300000,0x000000bf8b400000)]
  0x00000254be158800 JavaThread "Cache worker for file hash cache (C:\Users\leoha\.gradle\caches\7.0.2\fileHashes)" [_thread_blocked, id=39812, stack(0x000000bf8bc00000,0x000000bf8bd00000)]
  0x00000254be154800 JavaThread "File lock request listener" [_thread_in_native, id=6916, stack(0x000000bf8bd00000,0x000000bf8be00000)]
  0x00000254be15b000 JavaThread "Cache worker for journal cache (C:\Users\leoha\.gradle\caches\journal-1)" [_thread_blocked, id=9740, stack(0x000000bf8be00000,0x000000bf8bf00000)]
  0x00000254be155800 JavaThread "File watcher server" daemon [_thread_blocked, id=16540, stack(0x000000bf8c000000,0x000000bf8c100000)]
  0x00000254be156000 JavaThread "File watcher consumer" daemon [_thread_blocked, id=40228, stack(0x000000bf8c100000,0x000000bf8c200000)]
  0x00000254bf34a800 JavaThread "Cache worker for execution history cache (C:\Users\leoha\.gradle\caches\7.0.2\executionHistory)" [_thread_blocked, id=38916, stack(0x000000bf8c500000,0x000000bf8c600000)]
  0x00000254bf34e800 JavaThread "jar transforms" [_thread_blocked, id=18868, stack(0x000000bf8c600000,0x000000bf8c700000)]
  0x00000254bf34f800 JavaThread "jar transforms Thread 2" [_thread_blocked, id=17436, stack(0x000000bf8c700000,0x000000bf8c800000)]
  0x00000254bf349800 JavaThread "Cache worker for file content cache (C:\Users\leoha\.gradle\caches\7.0.2\fileContent)" [_thread_blocked, id=18768, stack(0x000000bf8c800000,0x000000bf8c900000)]
  0x00000254bf352800 JavaThread "jar transforms Thread 3" [_thread_blocked, id=36752, stack(0x000000bf8ca00000,0x000000bf8cb00000)]
  0x00000254bf356800 JavaThread "jar transforms Thread 4" [_thread_blocked, id=1616, stack(0x000000bf8d000000,0x000000bf8d100000)]
  0x00000254bf355000 JavaThread "Memory manager" [_thread_blocked, id=5676, stack(0x000000bf8d100000,0x000000bf8d200000)]
  0x00000254bf811800 JavaThread "Cache worker for Java compile cache (C:\Users\leoha\.gradle\caches\7.0.2\javaCompile)" [_thread_blocked, id=2972, stack(0x000000bf8d700000,0x000000bf8d800000)]
  0x00000254c1d61000 JavaThread "ForkJoinPool.commonPool-worker-3" daemon [_thread_blocked, id=38732, stack(0x000000bf8dc00000,0x000000bf8dd00000)]
  0x00000254bf811000 JavaThread "Daemon Thread 5" [_thread_blocked, id=36788, stack(0x000000bf89a00000,0x000000bf89b00000)]
  0x00000254bf812800 JavaThread "Handler for socket connection from /127.0.0.1:54243 to /127.0.0.1:51455" [_thread_in_native, id=18948, stack(0x000000bf89b00000,0x000000bf89c00000)]
  0x00000254bf80c800 JavaThread "Cancel handler" [_thread_blocked, id=6820, stack(0x000000bf89c00000,0x000000bf89d00000)]
  0x00000254bf810000 JavaThread "Daemon worker Thread 5" [_thread_blocked, id=34492, stack(0x000000bf8b400000,0x000000bf8b500000)]
  0x00000254bf813000 JavaThread "Asynchronous log dispatcher for DefaultDaemonConnection: socket connection from /127.0.0.1:54243 to /127.0.0.1:51455" [_thread_blocked, id=38748, stack(0x000000bf8b500000,0x000000bf8b600000)]
  0x00000254bf80d800 JavaThread "Stdin handler" [_thread_blocked, id=16676, stack(0x000000bf8b600000,0x000000bf8b700000)]
  0x00000254bf814000 JavaThread "Daemon client event forwarder" [_thread_blocked, id=35748, stack(0x000000bf8b700000,0x000000bf8b800000)]
  0x00000254bf80e800 JavaThread "Cache worker for file hash cache (D:\Android Studio Projects\KayiApp\.gradle\7.0.2\fileHashes)" [_thread_blocked, id=1128, stack(0x000000bf8b800000,0x000000bf8b900000)]
  0x00000254bf815000 JavaThread "Cache worker for checksums cache (D:\Android Studio Projects\KayiApp\.gradle\checksums)" [_thread_blocked, id=38848, stack(0x000000bf8b900000,0x000000bf8ba00000)]
  0x00000254bf80f000 JavaThread "Cache worker for cache directory md-supplier (C:\Users\leoha\.gradle\caches\7.0.2\md-supplier)" [_thread_blocked, id=18964, stack(0x000000bf8ba00000,0x000000bf8bb00000)]
  0x00000254bf819000 JavaThread "Cache worker for cache directory md-rule (C:\Users\leoha\.gradle\caches\7.0.2\md-rule)" [_thread_blocked, id=38700, stack(0x000000bf8bb00000,0x000000bf8bc00000)]
  0x00000254bf81a000 JavaThread "Cache worker for dependencies-accessors (D:\Android Studio Projects\KayiApp\.gradle\7.0.2\dependencies-accessors)" [_thread_blocked, id=14312, stack(0x000000bf8bf00000,0x000000bf8c000000)]
  0x00000254bf818000 JavaThread "Cache worker for Build Output Cleanup Cache (D:\Android Studio Projects\KayiApp\.gradle\buildOutputCleanup)" [_thread_blocked, id=36704, stack(0x000000bf8c200000,0x000000bf8c300000)]
  0x00000254bf817800 JavaThread "Build operations" [_thread_blocked, id=15552, stack(0x000000bf8c400000,0x000000bf8c500000)]
  0x00000254bf81a800 JavaThread "Build operations Thread 2" [_thread_blocked, id=35732, stack(0x000000bf8c900000,0x000000bf8ca00000)]
  0x00000254bf816800 JavaThread "Build operations Thread 3" [_thread_blocked, id=13644, stack(0x000000bf8cb00000,0x000000bf8cc00000)]
  0x00000254bf81b800 JavaThread "Build operations Thread 4" [_thread_blocked, id=36676, stack(0x000000bf8cc00000,0x000000bf8cd00000)]
  0x00000254bf815800 JavaThread "build event listener" [_thread_blocked, id=1764, stack(0x000000bf8cd00000,0x000000bf8ce00000)]
  0x00000254c1d5f800 JavaThread "Execution worker for ':'" [_thread_blocked, id=2092, stack(0x000000bf8ce00000,0x000000bf8cf00000)]
  0x00000254c1d5f000 JavaThread "Execution worker for ':' Thread 2" [_thread_blocked, id=38828, stack(0x000000bf8cf00000,0x000000bf8d000000)]
  0x00000254c1d65800 JavaThread "Execution worker for ':' Thread 3" [_thread_blocked, id=17860, stack(0x000000bf8d200000,0x000000bf8d300000)]
  0x00000254c1d64800 JavaThread "Cache worker for execution history cache (D:\Android Studio Projects\KayiApp\.gradle\7.0.2\executionHistory)" [_thread_blocked, id=40352, stack(0x000000bf8d300000,0x000000bf8d400000)]
  0x00000254c1d63800 JavaThread "WorkerExecutor Queue" [_thread_blocked, id=11260, stack(0x000000bf8d400000,0x000000bf8d500000)]
  0x00000254c1d63000 JavaThread "WorkerExecutor Queue Thread 2" [_thread_blocked, id=37740, stack(0x000000bf8d500000,0x000000bf8d600000)]
  0x00000254c1d62000 JavaThread "WorkerExecutor Queue Thread 4" [_thread_blocked, id=11792, stack(0x000000bf8d800000,0x000000bf8d900000)]
  0x00000254bf357800 JavaThread "WorkerExecutor Queue Thread 5" [_thread_blocked, id=18988, stack(0x000000bf8e100000,0x000000bf8e200000)]
  0x00000254bf352000 JavaThread "pool-12-thread-1" [_thread_blocked, id=34420, stack(0x000000bf8e200000,0x000000bf8e300000)]
  0x00000254bf358800 JavaThread "stderr" [_thread_in_native, id=13392, stack(0x000000bf8e300000,0x000000bf8e400000)]
  0x00000254be157000 JavaThread "stdout" [_thread_in_native, id=6672, stack(0x000000bf8e400000,0x000000bf8e500000)]
  0x00000254be158000 JavaThread "Cache worker for Java compile cache (D:\Android Studio Projects\KayiApp\.gradle\7.0.2\javaCompile)" [_thread_blocked, id=37780, stack(0x000000bf8d600000,0x000000bf8d700000)]
  0x00000254be159800 JavaThread "WorkerExecutor Queue Thread 6" [_thread_blocked, id=444, stack(0x000000bf8c300000,0x000000bf8c400000)]
  0x00000254c5e42000 JavaThread "C2 CompilerThread1" daemon [_thread_in_native, id=18404, stack(0x000000bf8d900000,0x000000bf8da00000)]

Other Threads:
=>0x00000254bb836800 VMThread "VM Thread" [stack: 0x000000bf8a300000,0x000000bf8a400000] [id=14580]
  0x00000254bba0f000 WatcherThread [stack: 0x000000bf8ad00000,0x000000bf8ae00000] [id=38440]
  0x00000254a1426000 GCTaskThread "GC Thread#0" [stack: 0x000000bf89e00000,0x000000bf89f00000] [id=39156]
  0x00000254bc293000 GCTaskThread "GC Thread#1" [stack: 0x000000bf8af00000,0x000000bf8b000000] [id=38692]
  0x00000254bbc2d800 GCTaskThread "GC Thread#2" [stack: 0x000000bf8b000000,0x000000bf8b100000] [id=15964]
  0x00000254bbc2e800 GCTaskThread "GC Thread#3" [stack: 0x000000bf8b100000,0x000000bf8b200000] [id=34864]
  0x00000254a1457800 ConcurrentGCThread "G1 Main Marker" [stack: 0x000000bf89f00000,0x000000bf8a000000] [id=40360]
  0x00000254a1458800 ConcurrentGCThread "G1 Conc#0" [stack: 0x000000bf8a000000,0x000000bf8a100000] [id=40796]
  0x00000254bae60800 ConcurrentGCThread "G1 Refine#0" [stack: 0x000000bf8a100000,0x000000bf8a200000] [id=40428]
  0x00000254becd5800 ConcurrentGCThread "G1 Refine#1" [stack: 0x000000bf8de00000,0x000000bf8df00000] [id=8732]
  0x00000254becd8000 ConcurrentGCThread "G1 Refine#2" [stack: 0x000000bf8df00000,0x000000bf8e000000] [id=4024]
  0x00000254becd8800 ConcurrentGCThread "G1 Refine#3" [stack: 0x000000bf8e000000,0x000000bf8e100000] [id=18292]
  0x00000254bae62000 ConcurrentGCThread "G1 Young RemSet Sampling" [stack: 0x000000bf8a200000,0x000000bf8a300000] [id=34464]

Threads with active compile tasks:
C2 CompilerThread1 816497 20829       4       com.android.tools.r8.internal.U6::a (6044 bytes)

VM state:at safepoint (normal execution)

VM Mutex/Monitor currently owned by a thread:  ([mutex/lock_event])
[0x00000254a1409400] Threads_lock - owner thread: 0x00000254bb836800
[0x00000254a1409490] Heap_lock - owner thread: 0x00000254bf357800

Heap address: 0x0000000080000000, size: 2048 MB, Compressed Oops mode: 32-bit
Narrow klass base: 0x0000000000000000, Narrow klass shift: 3
Compressed class space size: 1073741824 Address: 0x0000000100000000

Heap:
 garbage-first heap   total 284672K, used 171996K [0x0000000080000000, 0x0000000100000000)
  region size 1024K, 3 young (3072K), 3 survivors (3072K)
 Metaspace       used 115673K, capacity 119054K, committed 119372K, reserved 1153024K
  class space    used 14617K, capacity 15878K, committed 16000K, reserved 1048576K
Heap Regions: E=young(eden), S=young(survivor), O=old, HS=humongous(starts), HC=humongous(continues), CS=collection set, F=free, A=archive, TAMS=top-at-mark-start (previous, next)
|   0|0x0000000080000000, 0x0000000080100000, 0x0000000080100000|100%| O|  |TAMS 0x0000000080100000, 0x0000000080000000| Untracked 
|   1|0x0000000080100000, 0x0000000080200000, 0x0000000080200000|100%| O|  |TAMS 0x0000000080200000, 0x0000000080100000| Untracked 
|   2|0x0000000080200000, 0x0000000080300000, 0x0000000080300000|100%| O|  |TAMS 0x0000000080300000, 0x0000000080200000| Untracked 
|   3|0x0000000080300000, 0x0000000080400000, 0x0000000080400000|100%|HS|  |TAMS 0x0000000080400000, 0x0000000080300000| Complete 
|   4|0x0000000080400000, 0x0000000080500000, 0x0000000080500000|100%|HC|  |TAMS 0x0000000080500000, 0x0000000080400000| Complete 
|   5|0x0000000080500000, 0x0000000080600000, 0x0000000080600000|100%|HC|  |TAMS 0x0000000080600000, 0x0000000080500000| Complete 
|   6|0x0000000080600000, 0x0000000080700000, 0x0000000080700000|100%| O|  |TAMS 0x0000000080700000, 0x0000000080600000| Untracked 
|   7|0x0000000080700000, 0x0000000080800000, 0x0000000080800000|100%| O|  |TAMS 0x0000000080800000, 0x0000000080700000| Untracked 
|   8|0x0000000080800000, 0x0000000080900000, 0x0000000080900000|100%| O|  |TAMS 0x0000000080900000, 0x0000000080800000| Untracked 
|   9|0x0000000080900000, 0x0000000080a00000, 0x0000000080a00000|100%| O|  |TAMS 0x0000000080a00000, 0x0000000080900000| Untracked 
|  10|0x0000000080a00000, 0x0000000080b00000, 0x0000000080b00000|100%| O|  |TAMS 0x0000000080b00000, 0x0000000080a00000| Untracked 
|  11|0x0000000080b00000, 0x0000000080c00000, 0x0000000080c00000|100%| O|  |TAMS 0x0000000080c00000, 0x0000000080b00000| Untracked 
|  12|0x0000000080c00000, 0x0000000080d00000, 0x0000000080d00000|100%|HS|  |TAMS 0x0000000080d00000, 0x0000000080c00000| Complete 
|  13|0x0000000080d00000, 0x0000000080e00000, 0x0000000080e00000|100%|HS|  |TAMS 0x0000000080e00000, 0x0000000080d00000| Complete 
|  14|0x0000000080e00000, 0x0000000080f00000, 0x0000000080f00000|100%|HS|  |TAMS 0x0000000080f00000, 0x0000000080e00000| Complete 
|  15|0x0000000080f00000, 0x0000000081000000, 0x0000000081000000|100%|HC|  |TAMS 0x0000000081000000, 0x0000000080f00000| Complete 
|  16|0x0000000081000000, 0x0000000081100000, 0x0000000081100000|100%| O|  |TAMS 0x0000000081100000, 0x0000000081000000| Untracked 
|  17|0x0000000081100000, 0x0000000081200000, 0x0000000081200000|100%| O|  |TAMS 0x0000000081200000, 0x0000000081100000| Untracked 
|  18|0x0000000081200000, 0x0000000081300000, 0x0000000081300000|100%| O|  |TAMS 0x0000000081300000, 0x0000000081200000| Untracked 
|  19|0x0000000081300000, 0x0000000081400000, 0x0000000081400000|100%| O|  |TAMS 0x0000000081400000, 0x0000000081300000| Untracked 
|  20|0x0000000081400000, 0x0000000081500000, 0x0000000081500000|100%| O|  |TAMS 0x0000000081500000, 0x0000000081400000| Untracked 
|  21|0x0000000081500000, 0x0000000081600000, 0x0000000081600000|100%| O|  |TAMS 0x0000000081600000, 0x0000000081500000| Untracked 
|  22|0x0000000081600000, 0x0000000081700000, 0x0000000081700000|100%| O|  |TAMS 0x0000000081700000, 0x0000000081600000| Untracked 
|  23|0x0000000081700000, 0x0000000081800000, 0x0000000081800000|100%| O|  |TAMS 0x0000000081800000, 0x0000000081700000| Untracked 
|  24|0x0000000081800000, 0x0000000081900000, 0x0000000081900000|100%| O|  |TAMS 0x0000000081900000, 0x0000000081800000| Untracked 
|  25|0x0000000081900000, 0x0000000081a00000, 0x0000000081a00000|100%| O|  |TAMS 0x0000000081a00000, 0x0000000081900000| Untracked 
|  26|0x0000000081a00000, 0x0000000081b00000, 0x0000000081b00000|100%| O|  |TAMS 0x0000000081b00000, 0x0000000081a00000| Untracked 
|  27|0x0000000081b00000, 0x0000000081c00000, 0x0000000081c00000|100%| O|  |TAMS 0x0000000081c00000, 0x0000000081b00000| Untracked 
|  28|0x0000000081c00000, 0x0000000081d00000, 0x0000000081d00000|100%| O|  |TAMS 0x0000000081d00000, 0x0000000081c00000| Untracked 
|  29|0x0000000081d00000, 0x0000000081e00000, 0x0000000081e00000|100%| O|  |TAMS 0x0000000081e00000, 0x0000000081d00000| Untracked 
|  30|0x0000000081e00000, 0x0000000081f00000, 0x0000000081f00000|100%| O|  |TAMS 0x0000000081f00000, 0x0000000081e00000| Untracked 
|  31|0x0000000081f00000, 0x0000000082000000, 0x0000000082000000|100%| O|  |TAMS 0x0000000082000000, 0x0000000081f00000| Untracked 
|  32|0x0000000082000000, 0x0000000082100000, 0x0000000082100000|100%| O|  |TAMS 0x0000000082100000, 0x0000000082000000| Untracked 
|  33|0x0000000082100000, 0x0000000082200000, 0x0000000082200000|100%| O|  |TAMS 0x0000000082200000, 0x0000000082100000| Untracked 
|  34|0x0000000082200000, 0x0000000082300000, 0x0000000082300000|100%| O|  |TAMS 0x0000000082300000, 0x0000000082200000| Untracked 
|  35|0x0000000082300000, 0x0000000082400000, 0x0000000082400000|100%| O|  |TAMS 0x0000000082400000, 0x0000000082300000| Untracked 
|  36|0x0000000082400000, 0x0000000082500000, 0x0000000082500000|100%| O|  |TAMS 0x0000000082500000, 0x0000000082400000| Untracked 
|  37|0x0000000082500000, 0x0000000082600000, 0x0000000082600000|100%| O|  |TAMS 0x0000000082600000, 0x0000000082500000| Untracked 
|  38|0x0000000082600000, 0x0000000082700000, 0x0000000082700000|100%| O|  |TAMS 0x0000000082700000, 0x0000000082600000| Untracked 
|  39|0x0000000082700000, 0x0000000082800000, 0x0000000082800000|100%|HS|  |TAMS 0x0000000082800000, 0x0000000082700000| Complete 
|  40|0x0000000082800000, 0x0000000082900000, 0x0000000082900000|100%| O|  |TAMS 0x0000000082900000, 0x0000000082800000| Untracked 
|  41|0x0000000082900000, 0x0000000082a00000, 0x0000000082a00000|100%| O|  |TAMS 0x0000000082a00000, 0x0000000082900000| Untracked 
|  42|0x0000000082a00000, 0x0000000082b00000, 0x0000000082b00000|100%| O|  |TAMS 0x0000000082b00000, 0x0000000082a00000| Untracked 
|  43|0x0000000082b00000, 0x0000000082c00000, 0x0000000082c00000|100%| O|  |TAMS 0x0000000082c00000, 0x0000000082b00000| Untracked 
|  44|0x0000000082c00000, 0x0000000082d00000, 0x0000000082d00000|100%| O|  |TAMS 0x0000000082d00000, 0x0000000082c00000| Untracked 
|  45|0x0000000082d00000, 0x0000000082e00000, 0x0000000082e00000|100%| O|  |TAMS 0x0000000082e00000, 0x0000000082d00000| Untracked 
|  46|0x0000000082e00000, 0x0000000082f00000, 0x0000000082f00000|100%| O|  |TAMS 0x0000000082f00000, 0x0000000082e00000| Untracked 
|  47|0x0000000082f00000, 0x0000000083000000, 0x0000000083000000|100%| O|  |TAMS 0x0000000083000000, 0x0000000082f00000| Untracked 
|  48|0x0000000083000000, 0x0000000083100000, 0x0000000083100000|100%| O|  |TAMS 0x0000000083100000, 0x0000000083000000| Untracked 
|  49|0x0000000083100000, 0x0000000083200000, 0x0000000083200000|100%| O|  |TAMS 0x0000000083200000, 0x0000000083100000| Untracked 
|  50|0x0000000083200000, 0x0000000083300000, 0x0000000083300000|100%| O|  |TAMS 0x0000000083300000, 0x0000000083200000| Untracked 
|  51|0x0000000083300000, 0x0000000083400000, 0x0000000083400000|100%| O|  |TAMS 0x0000000083400000, 0x0000000083300000| Untracked 
|  52|0x0000000083400000, 0x0000000083500000, 0x0000000083500000|100%| O|  |TAMS 0x0000000083500000, 0x0000000083400000| Untracked 
|  53|0x0000000083500000, 0x0000000083600000, 0x0000000083600000|100%| O|  |TAMS 0x0000000083500000, 0x0000000083500000| Untracked 
|  54|0x0000000083600000, 0x0000000083700000, 0x0000000083700000|100%| O|  |TAMS 0x0000000083700000, 0x0000000083600000| Untracked 
|  55|0x0000000083700000, 0x0000000083800000, 0x0000000083800000|100%| O|  |TAMS 0x0000000083800000, 0x0000000083700000| Untracked 
|  56|0x0000000083800000, 0x0000000083900000, 0x0000000083900000|100%| O|  |TAMS 0x0000000083900000, 0x0000000083800000| Untracked 
|  57|0x0000000083900000, 0x0000000083a00000, 0x0000000083a00000|100%|HS|  |TAMS 0x0000000083a00000, 0x0000000083900000| Complete 
|  58|0x0000000083a00000, 0x0000000083b00000, 0x0000000083b00000|100%| O|  |TAMS 0x0000000083b00000, 0x0000000083a00000| Untracked 
|  59|0x0000000083b00000, 0x0000000083c00000, 0x0000000083c00000|100%| O|  |TAMS 0x0000000083c00000, 0x0000000083b00000| Untracked 
|  60|0x0000000083c00000, 0x0000000083d00000, 0x0000000083d00000|100%| O|  |TAMS 0x0000000083d00000, 0x0000000083c00000| Untracked 
|  61|0x0000000083d00000, 0x0000000083e00000, 0x0000000083e00000|100%| O|  |TAMS 0x0000000083e00000, 0x0000000083d00000| Untracked 
|  62|0x0000000083e00000, 0x0000000083f00000, 0x0000000083f00000|100%| O|  |TAMS 0x0000000083f00000, 0x0000000083e00000| Untracked 
|  63|0x0000000083f00000, 0x0000000084000000, 0x0000000084000000|100%| O|  |TAMS 0x0000000084000000, 0x0000000083f00000| Untracked 
|  64|0x0000000084000000, 0x0000000084100000, 0x0000000084100000|100%| O|  |TAMS 0x0000000084000000, 0x0000000084000000| Untracked 
|  65|0x0000000084100000, 0x0000000084200000, 0x0000000084200000|100%| O|  |TAMS 0x0000000084200000, 0x0000000084100000| Untracked 
|  66|0x0000000084200000, 0x0000000084300000, 0x0000000084300000|100%| O|  |TAMS 0x0000000084300000, 0x0000000084200000| Untracked 
|  67|0x0000000084300000, 0x0000000084400000, 0x0000000084400000|100%|HS|  |TAMS 0x0000000084400000, 0x0000000084300000| Complete 
|  68|0x0000000084400000, 0x0000000084500000, 0x0000000084500000|100%| O|  |TAMS 0x0000000084400000, 0x0000000084400000| Untracked 
|  69|0x0000000084500000, 0x0000000084600000, 0x0000000084600000|100%| O|  |TAMS 0x0000000084600000, 0x0000000084500000| Untracked 
|  70|0x0000000084600000, 0x0000000084700000, 0x0000000084700000|100%|HS|  |TAMS 0x0000000084700000, 0x0000000084600000| Complete 
|  71|0x0000000084700000, 0x0000000084800000, 0x0000000084800000|100%| O|  |TAMS 0x0000000084800000, 0x0000000084700000| Untracked 
|  72|0x0000000084800000, 0x0000000084900000, 0x0000000084900000|100%|HS|  |TAMS 0x0000000084900000, 0x0000000084800000| Complete 
|  73|0x0000000084900000, 0x0000000084a00000, 0x0000000084a00000|100%| O|  |TAMS 0x0000000084a00000, 0x0000000084900000| Untracked 
|  74|0x0000000084a00000, 0x0000000084b00000, 0x0000000084b00000|100%| O|  |TAMS 0x0000000084b00000, 0x0000000084a00000| Untracked 
|  75|0x0000000084b00000, 0x0000000084c00000, 0x0000000084c00000|100%| O|  |TAMS 0x0000000084c00000, 0x0000000084b00000| Untracked 
|  76|0x0000000084c00000, 0x0000000084d00000, 0x0000000084d00000|100%| O|  |TAMS 0x0000000084d00000, 0x0000000084c00000| Untracked 
|  77|0x0000000084d00000, 0x0000000084e00000, 0x0000000084e00000|100%| O|  |TAMS 0x0000000084e00000, 0x0000000084d00000| Untracked 
|  78|0x0000000084e00000, 0x0000000084f00000, 0x0000000084f00000|100%| O|  |TAMS 0x0000000084f00000, 0x0000000084e00000| Untracked 
|  79|0x0000000084f00000, 0x0000000085000000, 0x0000000085000000|100%| O|  |TAMS 0x0000000085000000, 0x0000000084f00000| Untracked 
|  80|0x0000000085000000, 0x0000000085100000, 0x0000000085100000|100%| O|  |TAMS 0x0000000085100000, 0x0000000085000000| Untracked 
|  81|0x0000000085100000, 0x0000000085200000, 0x0000000085200000|100%| O|  |TAMS 0x0000000085200000, 0x0000000085100000| Untracked 
|  82|0x0000000085200000, 0x0000000085300000, 0x0000000085300000|100%| O|  |TAMS 0x0000000085300000, 0x0000000085200000| Untracked 
|  83|0x0000000085300000, 0x0000000085400000, 0x0000000085400000|100%| O|  |TAMS 0x0000000085400000, 0x0000000085300000| Untracked 
|  84|0x0000000085400000, 0x0000000085500000, 0x0000000085500000|100%| O|  |TAMS 0x0000000085500000, 0x0000000085400000| Untracked 
|  85|0x0000000085500000, 0x0000000085600000, 0x0000000085600000|100%| O|  |TAMS 0x0000000085600000, 0x0000000085500000| Untracked 
|  86|0x0000000085600000, 0x0000000085700000, 0x0000000085700000|100%| O|  |TAMS 0x0000000085600000, 0x0000000085600000| Untracked 
|  87|0x0000000085700000, 0x0000000085800000, 0x0000000085800000|100%| O|  |TAMS 0x0000000085800000, 0x0000000085700000| Untracked 
|  88|0x0000000085800000, 0x0000000085900000, 0x0000000085900000|100%| O|  |TAMS 0x0000000085900000, 0x0000000085800000| Untracked 
|  89|0x0000000085900000, 0x0000000085a00000, 0x0000000085a00000|100%|HS|  |TAMS 0x0000000085a00000, 0x0000000085900000| Complete 
|  90|0x0000000085a00000, 0x0000000085b00000, 0x0000000085b00000|100%|HC|  |TAMS 0x0000000085b00000, 0x0000000085a00000| Complete 
|  91|0x0000000085b00000, 0x0000000085c00000, 0x0000000085c00000|100%|HS|  |TAMS 0x0000000085c00000, 0x0000000085b00000| Complete 
|  92|0x0000000085c00000, 0x0000000085d00000, 0x0000000085d00000|100%|HS|  |TAMS 0x0000000085d00000, 0x0000000085c00000| Complete 
|  93|0x0000000085d00000, 0x0000000085e00000, 0x0000000085e00000|100%|HS|  |TAMS 0x0000000085e00000, 0x0000000085d00000| Complete 
|  94|0x0000000085e00000, 0x0000000085f00000, 0x0000000085f00000|100%| O|  |TAMS 0x0000000085f00000, 0x0000000085e00000| Untracked 
|  95|0x0000000085f00000, 0x0000000086000000, 0x0000000086000000|100%| O|  |TAMS 0x0000000086000000, 0x0000000085f00000| Untracked 
|  96|0x0000000086000000, 0x0000000086100000, 0x0000000086100000|100%| O|  |TAMS 0x0000000086100000, 0x0000000086000000| Untracked 
|  97|0x0000000086100000, 0x0000000086200000, 0x0000000086200000|100%| O|  |TAMS 0x0000000086200000, 0x0000000086100000| Untracked 
|  98|0x0000000086200000, 0x0000000086300000, 0x0000000086300000|100%| O|  |TAMS 0x0000000086300000, 0x0000000086200000| Untracked 
|  99|0x0000000086300000, 0x0000000086400000, 0x0000000086400000|100%| O|  |TAMS 0x0000000086400000, 0x0000000086300000| Untracked 
| 100|0x0000000086400000, 0x0000000086500000, 0x0000000086500000|100%| O|  |TAMS 0x0000000086500000, 0x0000000086400000| Untracked 
| 101|0x0000000086500000, 0x0000000086600000, 0x0000000086600000|100%| O|  |TAMS 0x0000000086600000, 0x0000000086500000| Untracked 
| 102|0x0000000086600000, 0x0000000086700000, 0x0000000086700000|100%| O|  |TAMS 0x0000000086700000, 0x0000000086600000| Untracked 
| 103|0x0000000086700000, 0x0000000086800000, 0x0000000086800000|100%|HS|  |TAMS 0x0000000086800000, 0x0000000086700000| Complete 
| 104|0x0000000086800000, 0x0000000086900000, 0x0000000086900000|100%| O|  |TAMS 0x0000000086900000, 0x0000000086800000| Untracked 
| 105|0x0000000086900000, 0x0000000086a00000, 0x0000000086a00000|100%| O|  |TAMS 0x0000000086a00000, 0x0000000086900000| Untracked 
| 106|0x0000000086a00000, 0x0000000086b00000, 0x0000000086b00000|100%| O|  |TAMS 0x0000000086b00000, 0x0000000086a00000| Untracked 
| 107|0x0000000086b00000, 0x0000000086c00000, 0x0000000086c00000|100%| O|  |TAMS 0x0000000086c00000, 0x0000000086b00000| Untracked 
| 108|0x0000000086c00000, 0x0000000086d00000, 0x0000000086d00000|100%| O|  |TAMS 0x0000000086d00000, 0x0000000086c00000| Untracked 
| 109|0x0000000086d00000, 0x0000000086e00000, 0x0000000086e00000|100%| O|  |TAMS 0x0000000086e00000, 0x0000000086d00000| Untracked 
| 110|0x0000000086e00000, 0x0000000086f00000, 0x0000000086f00000|100%| O|  |TAMS 0x0000000086ec5200, 0x0000000086e00000| Untracked 
| 111|0x0000000086f00000, 0x0000000087000000, 0x0000000087000000|100%| O|  |TAMS 0x0000000087000000, 0x0000000086f00000| Untracked 
| 112|0x0000000087000000, 0x0000000087100000, 0x0000000087100000|100%| O|  |TAMS 0x0000000087100000, 0x0000000087000000| Untracked 
| 113|0x0000000087100000, 0x0000000087200000, 0x0000000087200000|100%| O|  |TAMS 0x0000000087200000, 0x0000000087100000| Untracked 
| 114|0x0000000087200000, 0x0000000087300000, 0x0000000087300000|100%| O|  |TAMS 0x0000000087300000, 0x0000000087200000| Untracked 
| 115|0x0000000087300000, 0x0000000087400000, 0x0000000087400000|100%| O|  |TAMS 0x0000000087400000, 0x0000000087300000| Untracked 
| 116|0x0000000087400000, 0x0000000087500000, 0x0000000087500000|100%| O|  |TAMS 0x0000000087500000, 0x0000000087400000| Untracked 
| 117|0x0000000087500000, 0x0000000087600000, 0x0000000087600000|100%| O|  |TAMS 0x0000000087600000, 0x0000000087500000| Untracked 
| 118|0x0000000087600000, 0x0000000087700000, 0x0000000087700000|100%| O|  |TAMS 0x0000000087700000, 0x0000000087600000| Untracked 
| 119|0x0000000087700000, 0x0000000087800000, 0x0000000087800000|100%| O|  |TAMS 0x0000000087800000, 0x0000000087700000| Untracked 
| 120|0x0000000087800000, 0x0000000087900000, 0x0000000087900000|100%| O|  |TAMS 0x0000000087900000, 0x0000000087800000| Untracked 
| 121|0x0000000087900000, 0x0000000087a00000, 0x0000000087a00000|100%| O|  |TAMS 0x0000000087a00000, 0x0000000087900000| Untracked 
| 122|0x0000000087a00000, 0x0000000087b00000, 0x0000000087b00000|100%| O|  |TAMS 0x0000000087b00000, 0x0000000087a00000| Untracked 
| 123|0x0000000087b00000, 0x0000000087c00000, 0x0000000087c00000|100%| O|  |TAMS 0x0000000087c00000, 0x0000000087b00000| Untracked 
| 124|0x0000000087c00000, 0x0000000087d00000, 0x0000000087d00000|100%| O|  |TAMS 0x0000000087d00000, 0x0000000087c00000| Untracked 
| 125|0x0000000087d00000, 0x0000000087e00000, 0x0000000087e00000|100%| O|  |TAMS 0x0000000087e00000, 0x0000000087d00000| Untracked 
| 126|0x0000000087e00000, 0x0000000087f00000, 0x0000000087f00000|100%| O|  |TAMS 0x0000000087f00000, 0x0000000087e00000| Untracked 
| 127|0x0000000087f00000, 0x0000000088000000, 0x0000000088000000|100%| O|  |TAMS 0x0000000088000000, 0x0000000087f00000| Untracked 
| 128|0x0000000088000000, 0x0000000088100000, 0x0000000088100000|100%| O|  |TAMS 0x0000000088100000, 0x0000000088000000| Untracked 
| 129|0x0000000088100000, 0x0000000088200000, 0x0000000088200000|100%| O|  |TAMS 0x0000000088200000, 0x0000000088100000| Untracked 
| 130|0x0000000088200000, 0x0000000088300000, 0x0000000088300000|100%| O|  |TAMS 0x0000000088300000, 0x0000000088200000| Untracked 
| 131|0x0000000088300000, 0x0000000088400000, 0x0000000088400000|100%| O|  |TAMS 0x0000000088400000, 0x0000000088300000| Untracked 
| 132|0x0000000088400000, 0x0000000088500000, 0x0000000088500000|100%| O|  |TAMS 0x0000000088500000, 0x0000000088400000| Untracked 
| 133|0x0000000088500000, 0x0000000088600000, 0x0000000088600000|100%| O|  |TAMS 0x0000000088600000, 0x0000000088500000| Untracked 
| 134|0x0000000088600000, 0x0000000088700000, 0x0000000088700000|100%| O|  |TAMS 0x0000000088700000, 0x0000000088600000| Untracked 
| 135|0x0000000088700000, 0x0000000088800000, 0x0000000088800000|100%| O|  |TAMS 0x0000000088800000, 0x0000000088700000| Untracked 
| 136|0x0000000088800000, 0x0000000088900000, 0x0000000088900000|100%| O|  |TAMS 0x0000000088900000, 0x0000000088800000| Untracked 
| 137|0x0000000088900000, 0x0000000088a00000, 0x0000000088a00000|100%| O|  |TAMS 0x0000000088a00000, 0x0000000088900000| Untracked 
| 138|0x0000000088a00000, 0x0000000088b00000, 0x0000000088b00000|100%| O|  |TAMS 0x0000000088a00000, 0x0000000088a00000| Untracked 
| 139|0x0000000088b00000, 0x0000000088c00000, 0x0000000088c00000|100%| O|  |TAMS 0x0000000088b00000, 0x0000000088b00000| Untracked 
| 140|0x0000000088c00000, 0x0000000088d00000, 0x0000000088d00000|100%| O|  |TAMS 0x0000000088d00000, 0x0000000088c00000| Untracked 
| 141|0x0000000088d00000, 0x0000000088e00000, 0x0000000088e00000|100%| O|  |TAMS 0x0000000088e00000, 0x0000000088d00000| Untracked 
| 142|0x0000000088e00000, 0x0000000088f00000, 0x0000000088f00000|100%| O|  |TAMS 0x0000000088f00000, 0x0000000088e00000| Untracked 
| 143|0x0000000088f00000, 0x0000000089000000, 0x0000000089000000|100%| O|  |TAMS 0x0000000089000000, 0x0000000088f00000| Untracked 
| 144|0x0000000089000000, 0x0000000089100000, 0x0000000089100000|100%| O|  |TAMS 0x0000000089100000, 0x0000000089000000| Untracked 
| 145|0x0000000089100000, 0x0000000089200000, 0x0000000089200000|100%| O|  |TAMS 0x0000000089200000, 0x0000000089100000| Untracked 
| 146|0x0000000089200000, 0x0000000089300000, 0x0000000089300000|100%| O|  |TAMS 0x0000000089200000, 0x0000000089200000| Untracked 
| 147|0x0000000089300000, 0x0000000089400000, 0x0000000089400000|100%| O|  |TAMS 0x0000000089300000, 0x0000000089300000| Untracked 
| 148|0x0000000089400000, 0x0000000089500000, 0x0000000089500000|100%| O|  |TAMS 0x0000000089500000, 0x0000000089400000| Untracked 
| 149|0x0000000089500000, 0x0000000089600000, 0x0000000089600000|100%| O|  |TAMS 0x0000000089600000, 0x0000000089500000| Untracked 
| 150|0x0000000089600000, 0x0000000089700000, 0x0000000089700000|100%| O|  |TAMS 0x0000000089700000, 0x0000000089600000| Untracked 
| 151|0x0000000089700000, 0x0000000089800000, 0x0000000089800000|100%|HS|  |TAMS 0x0000000089800000, 0x0000000089700000| Complete 
| 152|0x0000000089800000, 0x0000000089900000, 0x0000000089900000|100%|HC|  |TAMS 0x0000000089900000, 0x0000000089800000| Complete 
| 153|0x0000000089900000, 0x0000000089a00000, 0x0000000089a00000|100%|HC|  |TAMS 0x0000000089a00000, 0x0000000089900000| Complete 
| 154|0x0000000089a00000, 0x0000000089b00000, 0x0000000089b00000|100%|HC|  |TAMS 0x0000000089b00000, 0x0000000089a00000| Complete 
| 155|0x0000000089b00000, 0x0000000089c00000, 0x0000000089c00000|100%|HC|  |TAMS 0x0000000089c00000, 0x0000000089b00000| Complete 
| 156|0x0000000089c00000, 0x0000000089d00000, 0x0000000089d00000|100%|HC|  |TAMS 0x0000000089d00000, 0x0000000089c00000| Complete 
| 157|0x0000000089d00000, 0x0000000089e00000, 0x0000000089e00000|100%| O|  |TAMS 0x0000000089d00000, 0x0000000089d00000| Untracked 
| 158|0x0000000089e00000, 0x0000000089f00000, 0x0000000089f00000|100%| O|  |TAMS 0x0000000089e00000, 0x0000000089e00000| Untracked 
| 159|0x0000000089f00000, 0x000000008a000000, 0x000000008a000000|100%|HS|  |TAMS 0x0000000089f00000, 0x0000000089f00000| Complete 
| 160|0x000000008a000000, 0x000000008a100000, 0x000000008a100000|100%|HC|  |TAMS 0x000000008a000000, 0x000000008a000000| Complete 
| 161|0x000000008a100000, 0x000000008a200000, 0x000000008a200000|100%| O|  |TAMS 0x000000008a100000, 0x000000008a100000| Untracked 
| 162|0x000000008a200000, 0x000000008a300000, 0x000000008a300000|100%| O|  |TAMS 0x000000008a200000, 0x000000008a200000| Untracked 
| 163|0x000000008a300000, 0x000000008a300000, 0x000000008a400000|  0%| F|  |TAMS 0x000000008a300000, 0x000000008a300000| Untracked 
| 164|0x000000008a400000, 0x000000008a400000, 0x000000008a500000|  0%| F|  |TAMS 0x000000008a400000, 0x000000008a400000| Untracked 
| 165|0x000000008a500000, 0x000000008a500000, 0x000000008a600000|  0%| F|  |TAMS 0x000000008a500000, 0x000000008a500000| Untracked 
| 166|0x000000008a600000, 0x000000008a600000, 0x000000008a700000|  0%| F|  |TAMS 0x000000008a600000, 0x000000008a600000| Untracked 
| 167|0x000000008a700000, 0x000000008a800000, 0x000000008a800000|100%| O|  |TAMS 0x000000008a700000, 0x000000008a700000| Untracked 
| 168|0x000000008a800000, 0x000000008a900000, 0x000000008a900000|100%| O|  |TAMS 0x000000008a800000, 0x000000008a800000| Untracked 
| 169|0x000000008a900000, 0x000000008a954800, 0x000000008aa00000| 33%| O|  |TAMS 0x000000008a900000, 0x000000008a900000| Untracked 
| 170|0x000000008aa00000, 0x000000008aa00000, 0x000000008ab00000|  0%| F|  |TAMS 0x000000008aa00000, 0x000000008aa00000| Untracked 
| 171|0x000000008ab00000, 0x000000008ab00000, 0x000000008ac00000|  0%| F|  |TAMS 0x000000008ab00000, 0x000000008ab00000| Untracked 
| 172|0x000000008ac00000, 0x000000008ac00000, 0x000000008ad00000|  0%| F|  |TAMS 0x000000008ac00000, 0x000000008ac00000| Untracked 
| 173|0x000000008ad00000, 0x000000008ad00000, 0x000000008ae00000|  0%| F|  |TAMS 0x000000008ad00000, 0x000000008ad00000| Untracked 
| 174|0x000000008ae00000, 0x000000008ae00000, 0x000000008af00000|  0%| F|  |TAMS 0x000000008ae00000, 0x000000008ae00000| Untracked 
| 175|0x000000008af00000, 0x000000008af00000, 0x000000008b000000|  0%| F|  |TAMS 0x000000008af00000, 0x000000008af00000| Untracked 
| 176|0x000000008b000000, 0x000000008b000000, 0x000000008b100000|  0%| F|  |TAMS 0x000000008b000000, 0x000000008b000000| Untracked 
| 177|0x000000008b100000, 0x000000008b100000, 0x000000008b200000|  0%| F|  |TAMS 0x000000008b100000, 0x000000008b100000| Untracked 
| 178|0x000000008b200000, 0x000000008b200000, 0x000000008b300000|  0%| F|  |TAMS 0x000000008b200000, 0x000000008b200000| Untracked 
| 179|0x000000008b300000, 0x000000008b300000, 0x000000008b400000|  0%| F|  |TAMS 0x000000008b300000, 0x000000008b300000| Untracked 
| 180|0x000000008b400000, 0x000000008b400000, 0x000000008b500000|  0%| F|  |TAMS 0x000000008b400000, 0x000000008b400000| Untracked 
| 181|0x000000008b500000, 0x000000008b500000, 0x000000008b600000|  0%| F|  |TAMS 0x000000008b500000, 0x000000008b500000| Untracked 
| 182|0x000000008b600000, 0x000000008b600000, 0x000000008b700000|  0%| F|  |TAMS 0x000000008b600000, 0x000000008b600000| Untracked 
| 183|0x000000008b700000, 0x000000008b700000, 0x000000008b800000|  0%| F|  |TAMS 0x000000008b700000, 0x000000008b700000| Untracked 
| 184|0x000000008b800000, 0x000000008b800000, 0x000000008b900000|  0%| F|  |TAMS 0x000000008b800000, 0x000000008b800000| Untracked 
| 185|0x000000008b900000, 0x000000008b900000, 0x000000008ba00000|  0%| F|  |TAMS 0x000000008b900000, 0x000000008b900000| Untracked 
| 186|0x000000008ba00000, 0x000000008ba00000, 0x000000008bb00000|  0%| F|  |TAMS 0x000000008ba00000, 0x000000008ba00000| Untracked 
| 187|0x000000008bb00000, 0x000000008bb00000, 0x000000008bc00000|  0%| F|  |TAMS 0x000000008bb00000, 0x000000008bb00000| Untracked 
| 188|0x000000008bc00000, 0x000000008bc00000, 0x000000008bd00000|  0%| F|  |TAMS 0x000000008bc00000, 0x000000008bc00000| Untracked 
| 189|0x000000008bd00000, 0x000000008bd00000, 0x000000008be00000|  0%| F|  |TAMS 0x000000008bd00000, 0x000000008bd00000| Untracked 
| 190|0x000000008be00000, 0x000000008be00000, 0x000000008bf00000|  0%| F|  |TAMS 0x000000008be00000, 0x000000008be00000| Untracked 
| 191|0x000000008bf00000, 0x000000008bf00000, 0x000000008c000000|  0%| F|  |TAMS 0x000000008bf00000, 0x000000008bf00000| Untracked 
| 192|0x000000008c000000, 0x000000008c000000, 0x000000008c100000|  0%| F|  |TAMS 0x000000008c000000, 0x000000008c000000| Untracked 
| 193|0x000000008c100000, 0x000000008c100000, 0x000000008c200000|  0%| F|  |TAMS 0x000000008c100000, 0x000000008c100000| Untracked 
| 194|0x000000008c200000, 0x000000008c200000, 0x000000008c300000|  0%| F|  |TAMS 0x000000008c200000, 0x000000008c200000| Untracked 
| 195|0x000000008c300000, 0x000000008c300000, 0x000000008c400000|  0%| F|  |TAMS 0x000000008c300000, 0x000000008c300000| Untracked 
| 196|0x000000008c400000, 0x000000008c400000, 0x000000008c500000|  0%| F|  |TAMS 0x000000008c400000, 0x000000008c400000| Untracked 
| 197|0x000000008c500000, 0x000000008c500000, 0x000000008c600000|  0%| F|  |TAMS 0x000000008c500000, 0x000000008c500000| Untracked 
| 198|0x000000008c600000, 0x000000008c600000, 0x000000008c700000|  0%| F|  |TAMS 0x000000008c600000, 0x000000008c600000| Untracked 
| 199|0x000000008c700000, 0x000000008c700000, 0x000000008c800000|  0%| F|  |TAMS 0x000000008c700000, 0x000000008c700000| Untracked 
| 200|0x000000008c800000, 0x000000008c800000, 0x000000008c900000|  0%| F|  |TAMS 0x000000008c800000, 0x000000008c800000| Untracked 
| 201|0x000000008c900000, 0x000000008c900000, 0x000000008ca00000|  0%| F|  |TAMS 0x000000008c900000, 0x000000008c900000| Untracked 
| 202|0x000000008ca00000, 0x000000008ca00000, 0x000000008cb00000|  0%| F|  |TAMS 0x000000008ca00000, 0x000000008ca00000| Untracked 
| 203|0x000000008cb00000, 0x000000008cba29d8, 0x000000008cc00000| 63%| S|CS|TAMS 0x000000008cb00000, 0x000000008cb00000| Complete 
| 204|0x000000008cc00000, 0x000000008cd00000, 0x000000008cd00000|100%| S|CS|TAMS 0x000000008cc00000, 0x000000008cc00000| Complete 
| 205|0x000000008cd00000, 0x000000008ce00000, 0x000000008ce00000|100%| S|CS|TAMS 0x000000008cd00000, 0x000000008cd00000| Complete 
| 206|0x000000008ce00000, 0x000000008ce00000, 0x000000008cf00000|  0%| F|  |TAMS 0x000000008ce00000, 0x000000008ce00000| Untracked 
| 207|0x000000008cf00000, 0x000000008cf00000, 0x000000008d000000|  0%| F|  |TAMS 0x000000008cf00000, 0x000000008cf00000| Untracked 
| 208|0x000000008d000000, 0x000000008d000000, 0x000000008d100000|  0%| F|  |TAMS 0x000000008d000000, 0x000000008d000000| Untracked 
| 209|0x000000008d100000, 0x000000008d100000, 0x000000008d200000|  0%| F|  |TAMS 0x000000008d100000, 0x000000008d100000| Untracked 
| 210|0x000000008d200000, 0x000000008d200000, 0x000000008d300000|  0%| F|  |TAMS 0x000000008d200000, 0x000000008d200000| Untracked 
| 211|0x000000008d300000, 0x000000008d300000, 0x000000008d400000|  0%| F|  |TAMS 0x000000008d300000, 0x000000008d300000| Untracked 
| 212|0x000000008d400000, 0x000000008d400000, 0x000000008d500000|  0%| F|  |TAMS 0x000000008d400000, 0x000000008d400000| Untracked 
| 213|0x000000008d500000, 0x000000008d500000, 0x000000008d600000|  0%| F|  |TAMS 0x000000008d500000, 0x000000008d500000| Untracked 
| 214|0x000000008d600000, 0x000000008d600000, 0x000000008d700000|  0%| F|  |TAMS 0x000000008d600000, 0x000000008d600000| Untracked 
| 215|0x000000008d700000, 0x000000008d700000, 0x000000008d800000|  0%| F|  |TAMS 0x000000008d700000, 0x000000008d700000| Untracked 
| 216|0x000000008d800000, 0x000000008d800000, 0x000000008d900000|  0%| F|  |TAMS 0x000000008d800000, 0x000000008d800000| Untracked 
| 217|0x000000008d900000, 0x000000008d900000, 0x000000008da00000|  0%| F|  |TAMS 0x000000008d900000, 0x000000008d900000| Untracked 
| 218|0x000000008da00000, 0x000000008da00000, 0x000000008db00000|  0%| F|  |TAMS 0x000000008da00000, 0x000000008da00000| Untracked 
| 219|0x000000008db00000, 0x000000008db00000, 0x000000008dc00000|  0%| F|  |TAMS 0x000000008db00000, 0x000000008db00000| Untracked 
| 220|0x000000008dc00000, 0x000000008dc00000, 0x000000008dd00000|  0%| F|  |TAMS 0x000000008dc00000, 0x000000008dc00000| Untracked 
| 221|0x000000008dd00000, 0x000000008dd00000, 0x000000008de00000|  0%| F|  |TAMS 0x000000008dd00000, 0x000000008dd00000| Untracked 
| 222|0x000000008de00000, 0x000000008de00000, 0x000000008df00000|  0%| F|  |TAMS 0x000000008de00000, 0x000000008de00000| Untracked 
| 223|0x000000008df00000, 0x000000008df00000, 0x000000008e000000|  0%| F|  |TAMS 0x000000008df00000, 0x000000008df00000| Untracked 
| 224|0x000000008e000000, 0x000000008e000000, 0x000000008e100000|  0%| F|  |TAMS 0x000000008e000000, 0x000000008e000000| Untracked 
| 225|0x000000008e100000, 0x000000008e100000, 0x000000008e200000|  0%| F|  |TAMS 0x000000008e100000, 0x000000008e100000| Untracked 
| 226|0x000000008e200000, 0x000000008e200000, 0x000000008e300000|  0%| F|  |TAMS 0x000000008e200000, 0x000000008e200000| Untracked 
| 227|0x000000008e300000, 0x000000008e300000, 0x000000008e400000|  0%| F|  |TAMS 0x000000008e300000, 0x000000008e300000| Untracked 
| 228|0x000000008e400000, 0x000000008e400000, 0x000000008e500000|  0%| F|  |TAMS 0x000000008e400000, 0x000000008e400000| Untracked 
| 229|0x000000008e500000, 0x000000008e500000, 0x000000008e600000|  0%| F|  |TAMS 0x000000008e500000, 0x000000008e500000| Untracked 
| 230|0x000000008e600000, 0x000000008e600000, 0x000000008e700000|  0%| F|  |TAMS 0x000000008e600000, 0x000000008e600000| Untracked 

Card table byte_map: [0x00000254b4300000,0x00000254b4700000] _byte_map_base: 0x00000254b3f00000

Marking Bits (Prev, Next): (CMBitMap*) 0x00000254a144e9e0, (CMBitMap*) 0x00000254a144e9a8
 Prev Bits: [0x00000254b6b00000, 0x00000254b8b00000)
 Next Bits: [0x00000254b4b00000, 0x00000254b6b00000)

Polling page: 0x000002549f3d0000

Metaspace:

Usage:
  Non-class:    100.76 MB capacity,    98.69 MB ( 98%) used,     1.67 MB (  2%) free+waste,   406.31 KB ( <1%) overhead. 
      Class:     15.51 MB capacity,    14.27 MB ( 92%) used,     1.06 MB (  7%) free+waste,   176.88 KB (  1%) overhead. 
       Both:    116.26 MB capacity,   112.96 MB ( 97%) used,     2.73 MB (  2%) free+waste,   583.19 KB ( <1%) overhead. 

Virtual space:
  Non-class space:      102.00 MB reserved,     100.95 MB ( 99%) committed 
      Class space:        1.00 GB reserved,      15.63 MB (  2%) committed 
             Both:        1.10 GB reserved,     116.57 MB ( 10%) committed 

Chunk freelists:
   Non-Class:  4.00 KB
       Class:  0 bytes
        Both:  4.00 KB

MaxMetaspaceSize: 17179869184.00 GB
CompressedClassSpaceSize: 1.00 GB

CodeHeap 'non-profiled nmethods': size=120064Kb used=13703Kb max_used=13703Kb free=106360Kb
 bounds [0x00000254ac9c0000, 0x00000254ad730000, 0x00000254b3f00000]
CodeHeap 'profiled nmethods': size=120000Kb used=44454Kb max_used=44454Kb free=75545Kb
 bounds [0x00000254a5490000, 0x00000254a8010000, 0x00000254ac9c0000]
CodeHeap 'non-nmethods': size=5696Kb used=2346Kb max_used=2434Kb free=3349Kb
 bounds [0x00000254a4f00000, 0x00000254a5170000, 0x00000254a5490000]
 total_blobs=20717 nmethods=19753 adapters=870
 compilation: enabled
              stopped_count=0, restarted_count=0
 full_count=0

Compilation events (20 events):
Event: 816.155 Thread 0x00000254bb896000 20806       3       com.android.tools.r8.graph.q::<init> (5 bytes)
Event: 816.156 Thread 0x00000254bb896000 nmethod 20806 0x00000254a8008910 code [0x00000254a8008ae0, 0x00000254a8008d18]
Event: 816.156 Thread 0x00000254bb896000 20807       3       com.android.tools.r8.graph.H0::<init> (36 bytes)
Event: 816.156 Thread 0x00000254bb896000 nmethod 20807 0x00000254a8008e10 code [0x00000254a8009000, 0x00000254a8009488]
Event: 816.156 Thread 0x00000254bb02e800 nmethod 20798 0x00000254ad71bc90 code [0x00000254ad71be40, 0x00000254ad71c498]
Event: 816.156 Thread 0x00000254bb02e800 20808       4       com.android.tools.r8.internal.E9::d (149 bytes)
Event: 816.166 Thread 0x00000254bb02e800 nmethod 20808 0x00000254ad71c890 code [0x00000254ad71ca40, 0x00000254ad71d1d8]
Event: 816.166 Thread 0x00000254bb02e800 20810       4       com.android.tools.r8.graph.T::a (93 bytes)
Event: 816.167 Thread 0x00000254c5e42000 20809       4       sun.nio.fs.WindowsFileAttributes::getFileNameFromFileIdFullDirInformation (62 bytes)
Event: 816.172 Thread 0x00000254c5e42000 nmethod 20809 0x00000254ad71d590 code [0x00000254ad71d760, 0x00000254ad71de18]
Event: 816.172 Thread 0x00000254c5e42000 20837       4       com.android.tools.r8.internal.Is::a (80 bytes)
Event: 816.175 Thread 0x00000254c5e42000 nmethod 20837 0x00000254ad71e190 code [0x00000254ad71e360, 0x00000254ad71e638]
Event: 816.175 Thread 0x00000254c5e42000 20836       4       com.android.tools.r8.internal.Is$$Lambda$1407/0x0000000100d15040::accept (20 bytes)
Event: 816.178 Thread 0x00000254c5e42000 nmethod 20836 0x00000254ad71ea90 code [0x00000254ad71ec60, 0x00000254ad71efb8]
Event: 816.178 Thread 0x00000254c5e42000 20829       4       com.android.tools.r8.internal.U6::a (6044 bytes)
Event: 816.287 Thread 0x00000254bb02e800 nmethod 20810 0x00000254ad71f410 code [0x00000254ad71f6e0, 0x00000254ad721dc0]
Event: 816.287 Thread 0x00000254bb02e800 20839       4       java.util.Collections$UnmodifiableList::get (11 bytes)
Event: 816.288 Thread 0x00000254bb02e800 nmethod 20839 0x00000254ad722d90 code [0x00000254ad722f40, 0x00000254ad723058]
Event: 816.288 Thread 0x00000254bb02e800 20838       4       com.android.tools.r8.internal.l4$b::a (10 bytes)
Event: 816.289 Thread 0x00000254bb02e800 nmethod 20838 0x00000254ad723210 code [0x00000254ad7233a0, 0x00000254ad7234d8]

GC Heap History (20 events):
Event: 810.221 GC heap after
{Heap after GC invocations=33 (full 0):
 garbage-first heap   total 236544K, used 146774K [0x0000000080000000, 0x0000000100000000)
  region size 1024K, 5 young (5120K), 5 survivors (5120K)
 Metaspace       used 113559K, capacity 116786K, committed 116812K, reserved 1150976K
  class space    used 14485K, capacity 15740K, committed 15744K, reserved 1048576K
}
Event: 810.279 GC heap before
{Heap before GC invocations=33 (full 0):
 garbage-first heap   total 236544K, used 153942K [0x0000000080000000, 0x0000000100000000)
  region size 1024K, 11 young (11264K), 5 survivors (5120K)
 Metaspace       used 113563K, capacity 116786K, committed 116812K, reserved 1150976K
  class space    used 14485K, capacity 15740K, committed 15744K, reserved 1048576K
}
Event: 810.294 GC heap after
{Heap after GC invocations=34 (full 0):
 garbage-first heap   total 236544K, used 140400K [0x0000000080000000, 0x0000000100000000)
  region size 1024K, 1 young (1024K), 1 survivors (1024K)
 Metaspace       used 113563K, capacity 116786K, committed 116812K, reserved 1150976K
  class space    used 14485K, capacity 15740K, committed 15744K, reserved 1048576K
}
Event: 810.318 GC heap before
{Heap before GC invocations=34 (full 0):
 garbage-first heap   total 236544K, used 142448K [0x0000000080000000, 0x0000000100000000)
  region size 1024K, 4 young (4096K), 1 survivors (1024K)
 Metaspace       used 113566K, capacity 116786K, committed 116812K, reserved 1150976K
  class space    used 14485K, capacity 15740K, committed 15744K, reserved 1048576K
}
Event: 810.322 GC heap after
{Heap after GC invocations=35 (full 0):
 garbage-first heap   total 236544K, used 140847K [0x0000000080000000, 0x0000000100000000)
  region size 1024K, 2 young (2048K), 2 survivors (2048K)
 Metaspace       used 113566K, capacity 116786K, committed 116812K, reserved 1150976K
  class space    used 14485K, capacity 15740K, committed 15744K, reserved 1048576K
}
Event: 810.917 GC heap before
{Heap before GC invocations=36 (full 0):
 garbage-first heap   total 236544K, used 180783K [0x0000000080000000, 0x0000000100000000)
  region size 1024K, 39 young (39936K), 2 survivors (2048K)
 Metaspace       used 113595K, capacity 116805K, committed 116940K, reserved 1150976K
  class space    used 14487K, capacity 15745K, committed 15872K, reserved 1048576K
}
Event: 810.929 GC heap after
{Heap after GC invocations=37 (full 0):
 garbage-first heap   total 236544K, used 149332K [0x0000000080000000, 0x0000000100000000)
  region size 1024K, 5 young (5120K), 5 survivors (5120K)
 Metaspace       used 113595K, capacity 116805K, committed 116940K, reserved 1150976K
  class space    used 14487K, capacity 15745K, committed 15872K, reserved 1048576K
}
Event: 810.989 GC heap before
{Heap before GC invocations=37 (full 0):
 garbage-first heap   total 236544K, used 156500K [0x0000000080000000, 0x0000000100000000)
  region size 1024K, 11 young (11264K), 5 survivors (5120K)
 Metaspace       used 113603K, capacity 116807K, committed 116940K, reserved 1150976K
  class space    used 14487K, capacity 15745K, committed 15872K, reserved 1048576K
}
Event: 811.002 GC heap after
{Heap after GC invocations=38 (full 0):
 garbage-first heap   total 236544K, used 149056K [0x0000000080000000, 0x0000000100000000)
  region size 1024K, 2 young (2048K), 2 survivors (2048K)
 Metaspace       used 113603K, capacity 116807K, committed 116940K, reserved 1150976K
  class space    used 14487K, capacity 15745K, committed 15872K, reserved 1048576K
}
Event: 811.108 GC heap before
{Heap before GC invocations=38 (full 0):
 garbage-first heap   total 236544K, used 191040K [0x0000000080000000, 0x0000000100000000)
  region size 1024K, 37 young (37888K), 2 survivors (2048K)
 Metaspace       used 113675K, capacity 116897K, committed 117196K, reserved 1150976K
  class space    used 14487K, capacity 15745K, committed 15872K, reserved 1048576K
}
Event: 811.117 GC heap after
{Heap after GC invocations=39 (full 0):
 garbage-first heap   total 236544K, used 162580K [0x0000000080000000, 0x0000000100000000)
  region size 1024K, 5 young (5120K), 5 survivors (5120K)
 Metaspace       used 113675K, capacity 116897K, committed 117196K, reserved 1150976K
  class space    used 14487K, capacity 15745K, committed 15872K, reserved 1048576K
}
Event: 811.551 GC heap before
{Heap before GC invocations=40 (full 0):
 garbage-first heap   total 236544K, used 191252K [0x0000000080000000, 0x0000000100000000)
  region size 1024K, 34 young (34816K), 5 survivors (5120K)
 Metaspace       used 113744K, capacity 116968K, committed 117196K, reserved 1150976K
  class space    used 14487K, capacity 15745K, committed 15872K, reserved 1048576K
}
Event: 811.555 GC heap after
{Heap after GC invocations=41 (full 0):
 garbage-first heap   total 236544K, used 160071K [0x0000000080000000, 0x0000000100000000)
  region size 1024K, 2 young (2048K), 2 survivors (2048K)
 Metaspace       used 113744K, capacity 116968K, committed 117196K, reserved 1150976K
  class space    used 14487K, capacity 15745K, committed 15872K, reserved 1048576K
}
Event: 812.395 GC heap before
{Heap before GC invocations=41 (full 0):
 garbage-first heap   total 236544K, used 168263K [0x0000000080000000, 0x0000000100000000)
  region size 1024K, 11 young (11264K), 2 survivors (2048K)
 Metaspace       used 114262K, capacity 117562K, committed 117708K, reserved 1150976K
  class space    used 14547K, capacity 15815K, committed 15872K, reserved 1048576K
}
Event: 812.400 GC heap after
{Heap after GC invocations=42 (full 0):
 garbage-first heap   total 236544K, used 159827K [0x0000000080000000, 0x0000000100000000)
  region size 1024K, 2 young (2048K), 2 survivors (2048K)
 Metaspace       used 114262K, capacity 117562K, committed 117708K, reserved 1150976K
  class space    used 14547K, capacity 15815K, committed 15872K, reserved 1048576K
}
Event: 812.797 GC heap before
{Heap before GC invocations=42 (full 0):
 garbage-first heap   total 236544K, used 191571K [0x0000000080000000, 0x0000000100000000)
  region size 1024K, 34 young (34816K), 2 survivors (2048K)
 Metaspace       used 114513K, capacity 117754K, committed 117964K, reserved 1150976K
  class space    used 14564K, capacity 15815K, committed 15872K, reserved 1048576K
}
Event: 812.802 GC heap after
{Heap after GC invocations=43 (full 0):
 garbage-first heap   total 236544K, used 161331K [0x0000000080000000, 0x0000000100000000)
  region size 1024K, 4 young (4096K), 4 survivors (4096K)
 Metaspace       used 114513K, capacity 117754K, committed 117964K, reserved 1150976K
  class space    used 14564K, capacity 15815K, committed 15872K, reserved 1048576K
}
Event: 814.060 GC heap before
{Heap before GC invocations=43 (full 0):
 garbage-first heap   total 236544K, used 195123K [0x0000000080000000, 0x0000000100000000)
  region size 1024K, 36 young (36864K), 4 survivors (4096K)
 Metaspace       used 114880K, capacity 118130K, committed 118220K, reserved 1150976K
  class space    used 14584K, capacity 15833K, committed 15872K, reserved 1048576K
}
Event: 814.078 GC heap after
{Heap after GC invocations=44 (full 0):
 garbage-first heap   total 236544K, used 171579K [0x0000000080000000, 0x0000000100000000)
  region size 1024K, 5 young (5120K), 5 survivors (5120K)
 Metaspace       used 114880K, capacity 118130K, committed 118220K, reserved 1150976K
  class space    used 14584K, capacity 15833K, committed 15872K, reserved 1048576K
}
Event: 816.295 GC heap before
{Heap before GC invocations=44 (full 0):
 garbage-first heap   total 236544K, used 200251K [0x0000000080000000, 0x0000000100000000)
  region size 1024K, 30 young (30720K), 5 survivors (5120K)
 Metaspace       used 115673K, capacity 119054K, committed 119372K, reserved 1153024K
  class space    used 14617K, capacity 15878K, committed 16000K, reserved 1048576K
}

Deoptimization events (20 events):
Event: 816.168 Thread 0x00000254c1d63000 Uncommon trap: trap_request=0xffffffde fr.pc=0x00000254acabf8c4 relative=0x0000000000000084
Event: 816.168 Thread 0x00000254c1d63000 Uncommon trap: reason=class_check action=maybe_recompile pc=0x00000254acabf8c4 method=com.android.tools.r8.graph.X.a(Lcom/android/tools/r8/internal/EE;Lcom/android/tools/r8/internal/f8;)I @ 6 c2
Event: 816.168 Thread 0x00000254c1d63000 DEOPT PACKING pc=0x00000254acabf8c4 sp=0x000000bf8d5fc050
Event: 816.168 Thread 0x00000254c1d63000 DEOPT UNPACKING pc=0x00000254a4f278af sp=0x000000bf8d5fbfc8 mode 2
Event: 816.168 Thread 0x00000254c1d63000 Uncommon trap: trap_request=0xffffffde fr.pc=0x00000254acabf8c4 relative=0x0000000000000084
Event: 816.168 Thread 0x00000254c1d63000 Uncommon trap: reason=class_check action=maybe_recompile pc=0x00000254acabf8c4 method=com.android.tools.r8.graph.X.a(Lcom/android/tools/r8/internal/EE;Lcom/android/tools/r8/internal/f8;)I @ 6 c2
Event: 816.168 Thread 0x00000254c1d63000 DEOPT PACKING pc=0x00000254acabf8c4 sp=0x000000bf8d5fc050
Event: 816.168 Thread 0x00000254c1d63000 DEOPT UNPACKING pc=0x00000254a4f278af sp=0x000000bf8d5fbfc8 mode 2
Event: 816.168 Thread 0x00000254c1d63000 Uncommon trap: trap_request=0xffffffde fr.pc=0x00000254acabf8c4 relative=0x0000000000000084
Event: 816.168 Thread 0x00000254c1d63000 Uncommon trap: reason=class_check action=maybe_recompile pc=0x00000254acabf8c4 method=com.android.tools.r8.graph.X.a(Lcom/android/tools/r8/internal/EE;Lcom/android/tools/r8/internal/f8;)I @ 6 c2
Event: 816.168 Thread 0x00000254c1d63000 DEOPT PACKING pc=0x00000254acabf8c4 sp=0x000000bf8d5fc050
Event: 816.168 Thread 0x00000254c1d63000 DEOPT UNPACKING pc=0x00000254a4f278af sp=0x000000bf8d5fbfc8 mode 2
Event: 816.213 Thread 0x00000254c1d63000 Uncommon trap: trap_request=0xffffffc6 fr.pc=0x00000254aca42db4 relative=0x0000000000000f74
Event: 816.213 Thread 0x00000254c1d63000 Uncommon trap: reason=bimorphic_or_optimized_type_check action=maybe_recompile pc=0x00000254aca42db4 method=java.util.Map.getOrDefault(Ljava/lang/Object;Ljava/lang/Object;)Ljava/lang/Object; @ 2 c2
Event: 816.213 Thread 0x00000254c1d63000 DEOPT PACKING pc=0x00000254aca42db4 sp=0x000000bf8d5fc470
Event: 816.213 Thread 0x00000254c1d63000 DEOPT UNPACKING pc=0x00000254a4f278af sp=0x000000bf8d5fc438 mode 2
Event: 816.213 Thread 0x00000254c1d63000 Uncommon trap: trap_request=0xffffffc6 fr.pc=0x00000254aca42db4 relative=0x0000000000000f74
Event: 816.213 Thread 0x00000254c1d63000 Uncommon trap: reason=bimorphic_or_optimized_type_check action=maybe_recompile pc=0x00000254aca42db4 method=java.util.Map.getOrDefault(Ljava/lang/Object;Ljava/lang/Object;)Ljava/lang/Object; @ 2 c2
Event: 816.213 Thread 0x00000254c1d63000 DEOPT PACKING pc=0x00000254aca42db4 sp=0x000000bf8d5fc030
Event: 816.213 Thread 0x00000254c1d63000 DEOPT UNPACKING pc=0x00000254a4f278af sp=0x000000bf8d5fc010 mode 2

Classes redefined (0 events):
No events

Internal exceptions (20 events):
Event: 815.703 Thread 0x00000254c1d65800 Exception <a 'sun/nio/fs/WindowsException'{0x000000008daace78}> (0x000000008daace78) thrown at [./src/hotspot/share/prims/jni.cpp, line 615]
Event: 815.704 Thread 0x00000254c1d65800 Exception <a 'sun/nio/fs/WindowsException'{0x000000008dab4308}> (0x000000008dab4308) thrown at [./src/hotspot/share/prims/jni.cpp, line 615]
Event: 815.705 Thread 0x00000254c1d65800 Exception <a 'sun/nio/fs/WindowsException'{0x000000008dabb7d8}> (0x000000008dabb7d8) thrown at [./src/hotspot/share/prims/jni.cpp, line 615]
Event: 815.706 Thread 0x00000254c1d65800 Exception <a 'sun/nio/fs/WindowsException'{0x000000008dac2c68}> (0x000000008dac2c68) thrown at [./src/hotspot/share/prims/jni.cpp, line 615]
Event: 815.707 Thread 0x00000254c1d65800 Exception <a 'sun/nio/fs/WindowsException'{0x000000008daca348}> (0x000000008daca348) thrown at [./src/hotspot/share/prims/jni.cpp, line 615]
Event: 815.708 Thread 0x00000254c1d65800 Exception <a 'sun/nio/fs/WindowsException'{0x000000008dad17d8}> (0x000000008dad17d8) thrown at [./src/hotspot/share/prims/jni.cpp, line 615]
Event: 815.708 Thread 0x00000254c1d65800 Exception <a 'sun/nio/fs/WindowsException'{0x000000008dad8c68}> (0x000000008dad8c68) thrown at [./src/hotspot/share/prims/jni.cpp, line 615]
Event: 815.709 Thread 0x00000254c1d65800 Exception <a 'sun/nio/fs/WindowsException'{0x000000008dae00f8}> (0x000000008dae00f8) thrown at [./src/hotspot/share/prims/jni.cpp, line 615]
Event: 815.710 Thread 0x00000254c1d65800 Exception <a 'sun/nio/fs/WindowsException'{0x000000008dae7588}> (0x000000008dae7588) thrown at [./src/hotspot/share/prims/jni.cpp, line 615]
Event: 815.711 Thread 0x00000254c1d65800 Exception <a 'sun/nio/fs/WindowsException'{0x000000008daeea18}> (0x000000008daeea18) thrown at [./src/hotspot/share/prims/jni.cpp, line 615]
Event: 815.712 Thread 0x00000254c1d65800 Exception <a 'sun/nio/fs/WindowsException'{0x000000008daf5ea8}> (0x000000008daf5ea8) thrown at [./src/hotspot/share/prims/jni.cpp, line 615]
Event: 815.713 Thread 0x00000254c1d65800 Exception <a 'sun/nio/fs/WindowsException'{0x000000008dafd580}> (0x000000008dafd580) thrown at [./src/hotspot/share/prims/jni.cpp, line 615]
Event: 815.714 Thread 0x00000254c1d65800 Exception <a 'sun/nio/fs/WindowsException'{0x000000008d904f10}> (0x000000008d904f10) thrown at [./src/hotspot/share/prims/jni.cpp, line 615]
Event: 815.715 Thread 0x00000254c1d65800 Exception <a 'sun/nio/fs/WindowsException'{0x000000008d90c3a0}> (0x000000008d90c3a0) thrown at [./src/hotspot/share/prims/jni.cpp, line 615]
Event: 815.715 Thread 0x00000254c1d65800 Exception <a 'sun/nio/fs/WindowsException'{0x000000008d9138d8}> (0x000000008d9138d8) thrown at [./src/hotspot/share/prims/jni.cpp, line 615]
Event: 815.721 Thread 0x00000254c1d65800 Exception <a 'sun/nio/fs/WindowsException'{0x000000008d949608}> (0x000000008d949608) thrown at [./src/hotspot/share/prims/jni.cpp, line 615]
Event: 815.981 Thread 0x00000254c1d65800 Exception <a 'sun/nio/fs/WindowsException'{0x000000008d8ee158}> (0x000000008d8ee158) thrown at [./src/hotspot/share/prims/jni.cpp, line 615]
Event: 815.986 Thread 0x00000254c1d65800 Exception <a 'sun/nio/fs/WindowsException'{0x000000008d8f9e40}> (0x000000008d8f9e40) thrown at [./src/hotspot/share/prims/jni.cpp, line 615]
Event: 816.151 Thread 0x00000254bf357800 Exception <a 'sun/nio/fs/WindowsException'{0x000000008d414498}> (0x000000008d414498) thrown at [./src/hotspot/share/prims/jni.cpp, line 615]
Event: 816.157 Thread 0x00000254c1d63000 Exception <a 'sun/nio/fs/WindowsException'{0x000000008d4ae980}> (0x000000008d4ae980) thrown at [./src/hotspot/share/prims/jni.cpp, line 615]

Events (20 events):
Event: 814.274 loading class com/sun/tools/javac/code/Symbol$OperatorSymbol
Event: 814.274 loading class com/sun/tools/javac/code/Symbol$OperatorSymbol done
Event: 814.274 loading class com/sun/tools/javac/comp/Operators$UnaryOperatorHelper
Event: 814.274 loading class com/sun/tools/javac/comp/Operators$UnaryOperatorHelper done
Event: 814.493 Executing VM operation: ICBufferFull
Event: 814.494 Executing VM operation: ICBufferFull done
Event: 814.844 Executing VM operation: Deoptimize
Event: 814.847 Executing VM operation: Deoptimize done
Event: 815.254 Executing VM operation: ICBufferFull
Event: 815.254 Executing VM operation: ICBufferFull done
Event: 815.459 Thread 0x00000254c5e42000 Thread exited: 0x00000254c5e42000
Event: 815.988 Executing VM operation: ICBufferFull
Event: 815.988 Executing VM operation: ICBufferFull done
Event: 816.128 Executing VM operation: RevokeBias
Event: 816.128 Executing VM operation: RevokeBias done
Event: 816.144 Thread 0x00000254be159800 Thread added: 0x00000254be159800
Event: 816.166 Thread 0x00000254c5e42000 Thread added: 0x00000254c5e42000
Event: 816.214 Executing VM operation: ICBufferFull
Event: 816.258 Executing VM operation: ICBufferFull done
Event: 816.294 Executing VM operation: G1CollectForAllocation


Dynamic libraries:
0x00007ff709eb0000 - 0x00007ff709eba000 	C:\Program Files\Android\Android Studio\jre\bin\java.exe
0x00007ff8c81e0000 - 0x00007ff8c83e9000 	C:\Windows\SYSTEM32\ntdll.dll
0x00007ff8c7850000 - 0x00007ff8c790d000 	C:\Windows\System32\KERNEL32.DLL
0x00007ff8c5aa0000 - 0x00007ff8c5e19000 	C:\Windows\System32\KERNELBASE.dll
0x00007ff8c5890000 - 0x00007ff8c59a1000 	C:\Windows\System32\ucrtbase.dll
0x00007ff8b94f0000 - 0x00007ff8b9507000 	C:\Program Files\Android\Android Studio\jre\bin\VCRUNTIME140.dll
0x00007ff8ba390000 - 0x00007ff8ba3a9000 	C:\Program Files\Android\Android Studio\jre\bin\jli.dll
0x00007ff8c7370000 - 0x00007ff8c751c000 	C:\Windows\System32\USER32.dll
0x00007ff8b8d70000 - 0x00007ff8b9015000 	C:\Windows\WinSxS\amd64_microsoft.windows.common-controls_6595b64144ccf1df_6.0.22000.120_none_9d947278b86cc467\COMCTL32.dll
0x00007ff8c7d70000 - 0x00007ff8c7e13000 	C:\Windows\System32\msvcrt.dll
0x00007ff8c6050000 - 0x00007ff8c6076000 	C:\Windows\System32\win32u.dll
0x00007ff8c7910000 - 0x00007ff8c7939000 	C:\Windows\System32\GDI32.dll
0x00007ff8c5770000 - 0x00007ff8c5882000 	C:\Windows\System32\gdi32full.dll
0x00007ff8c56d0000 - 0x00007ff8c576d000 	C:\Windows\System32\msvcp_win.dll
0x00007ff8c64b0000 - 0x00007ff8c64e1000 	C:\Windows\System32\IMM32.DLL
0x00007ff8aa140000 - 0x00007ff8aa1dd000 	C:\Program Files\Android\Android Studio\jre\bin\msvcp140.dll
0x00007ff8859f0000 - 0x00007ff8864bf000 	C:\Program Files\Android\Android Studio\jre\bin\server\jvm.dll
0x00007ff8c7b00000 - 0x00007ff8c7bae000 	C:\Windows\System32\ADVAPI32.dll
0x00007ff8c77b0000 - 0x00007ff8c784e000 	C:\Windows\System32\sechost.dll
0x00007ff8c7250000 - 0x00007ff8c7370000 	C:\Windows\System32\RPCRT4.dll
0x00007ff8c7610000 - 0x00007ff8c7618000 	C:\Windows\System32\PSAPI.DLL
0x00007ff8a84b0000 - 0x00007ff8a84b9000 	C:\Windows\SYSTEM32\WSOCK32.dll
0x00007ff8c7940000 - 0x00007ff8c79af000 	C:\Windows\System32\WS2_32.dll
0x00007ff8bfa10000 - 0x00007ff8bfa1a000 	C:\Windows\SYSTEM32\VERSION.dll
0x00007ff8bb650000 - 0x00007ff8bb683000 	C:\Windows\SYSTEM32\WINMM.dll
0x00007ff8c47d0000 - 0x00007ff8c47e8000 	C:\Windows\SYSTEM32\kernel.appcore.dll
0x00007ff8b1bb0000 - 0x00007ff8b1bc1000 	C:\Program Files\Android\Android Studio\jre\bin\verify.dll
0x00007ff8b9a30000 - 0x00007ff8b9c51000 	C:\Windows\SYSTEM32\DBGHELP.DLL
0x00007ff8b30d0000 - 0x00007ff8b3101000 	C:\Windows\SYSTEM32\dbgcore.DLL
0x00007ff8c5a20000 - 0x00007ff8c5a9f000 	C:\Windows\System32\bcryptPrimitives.dll
0x00007ff8aeb50000 - 0x00007ff8aeb79000 	C:\Program Files\Android\Android Studio\jre\bin\java.dll
0x00007ff8c1ee0000 - 0x00007ff8c1eeb000 	C:\Program Files\Android\Android Studio\jre\bin\jimage.dll
0x00007ff8ae930000 - 0x00007ff8ae948000 	C:\Program Files\Android\Android Studio\jre\bin\zip.dll
0x00007ff8c65d0000 - 0x00007ff8c6d7f000 	C:\Windows\System32\SHELL32.dll
0x00007ff8c3840000 - 0x00007ff8c40a8000 	C:\Windows\SYSTEM32\windows.storage.dll
0x00007ff8c7e20000 - 0x00007ff8c8198000 	C:\Windows\System32\combase.dll
0x00007ff8c36d0000 - 0x00007ff8c3836000 	C:\Windows\SYSTEM32\wintypes.dll
0x00007ff8c6240000 - 0x00007ff8c632a000 	C:\Windows\System32\SHCORE.dll
0x00007ff8c6330000 - 0x00007ff8c638d000 	C:\Windows\System32\shlwapi.dll
0x00007ff8c5600000 - 0x00007ff8c5621000 	C:\Windows\SYSTEM32\profapi.dll
0x00007ff8ae540000 - 0x00007ff8ae55a000 	C:\Program Files\Android\Android Studio\jre\bin\net.dll
0x00007ff8c06c0000 - 0x00007ff8c07cc000 	C:\Windows\SYSTEM32\WINHTTP.dll
0x00007ff8c4c00000 - 0x00007ff8c4c67000 	C:\Windows\system32\mswsock.dll
0x00007ff8ae520000 - 0x00007ff8ae534000 	C:\Program Files\Android\Android Studio\jre\bin\nio.dll
0x00007ff8aeed0000 - 0x00007ff8aeef7000 	C:\Users\leoha\.gradle\native\8bec1ad78214c89d9ad589b4d07fe93259594b29d510b10fafb7a158f7737e5d\windows-amd64\native-platform.dll
0x00007ff8882d0000 - 0x00007ff88840d000 	C:\Users\leoha\.gradle\native\53dbd7edfb1c66fb8903c78663c9afc45aea4f116125fa6feffd364cf09443e8\windows-amd64\native-platform-file-events.dll
0x00007ff8c1c10000 - 0x00007ff8c1c1a000 	C:\Program Files\Android\Android Studio\jre\bin\management.dll
0x00007ff8c1910000 - 0x00007ff8c191c000 	C:\Program Files\Android\Android Studio\jre\bin\management_ext.dll
0x00007ff8c4e40000 - 0x00007ff8c4e58000 	C:\Windows\SYSTEM32\CRYPTSP.dll
0x00007ff8c4730000 - 0x00007ff8c4765000 	C:\Windows\system32\rsaenh.dll
0x00007ff8c4cf0000 - 0x00007ff8c4d19000 	C:\Windows\SYSTEM32\USERENV.dll
0x00007ff8c4fc0000 - 0x00007ff8c4fe7000 	C:\Windows\SYSTEM32\bcrypt.dll
0x00007ff8c4e60000 - 0x00007ff8c4e6c000 	C:\Windows\SYSTEM32\CRYPTBASE.dll
0x00007ff8c4300000 - 0x00007ff8c432d000 	C:\Windows\SYSTEM32\IPHLPAPI.DLL
0x00007ff8c77a0000 - 0x00007ff8c77a9000 	C:\Windows\System32\NSI.dll
0x00007ff8c0390000 - 0x00007ff8c03a9000 	C:\Windows\SYSTEM32\dhcpcsvc6.DLL
0x00007ff8c0ba0000 - 0x00007ff8c0bbe000 	C:\Windows\SYSTEM32\dhcpcsvc.DLL
0x00007ff8c4330000 - 0x00007ff8c4418000 	C:\Windows\SYSTEM32\DNSAPI.dll
0x00007ff8add30000 - 0x00007ff8add57000 	C:\Program Files\Android\Android Studio\jre\bin\sunec.dll

dbghelp: loaded successfully - version: 4.0.5 - missing functions: none
symbol engine: initialized successfully - sym options: 0x614 - pdb path: .;C:\Program Files\Android\Android Studio\jre\bin;C:\Windows\SYSTEM32;C:\Windows\WinSxS\amd64_microsoft.windows.common-controls_6595b64144ccf1df_6.0.22000.120_none_9d947278b86cc467;C:\Program Files\Android\Android Studio\jre\bin\server;C:\Users\leoha\.gradle\native\8bec1ad78214c89d9ad589b4d07fe93259594b29d510b10fafb7a158f7737e5d\windows-amd64;C:\Users\leoha\.gradle\native\53dbd7edfb1c66fb8903c78663c9afc45aea4f116125fa6feffd364cf09443e8\windows-amd64

VM Arguments:
jvm_args: --add-opens=java.base/java.util=ALL-UNNAMED --add-opens=java.base/java.lang=ALL-UNNAMED --add-opens=java.base/java.lang.invoke=ALL-UNNAMED --add-opens=java.base/java.util=ALL-UNNAMED --add-opens=java.prefs/java.util.prefs=ALL-UNNAMED --add-opens=java.prefs/java.util.prefs=ALL-UNNAMED --add-opens=java.base/java.nio.charset=ALL-UNNAMED --add-opens=java.base/java.net=ALL-UNNAMED --add-opens=java.base/java.util.concurrent.atomic=ALL-UNNAMED -Xmx2048m -Dfile.encoding=UTF-8 -Duser.country=US -Duser.language=en -Duser.variant 
java_command: org.gradle.launcher.daemon.bootstrap.GradleDaemon 7.0.2
java_class_path (initial): C:\Users\leoha\.gradle\wrapper\dists\gradle-7.0.2-bin\857tjihv64xamwrf0h14cai3r\gradle-7.0.2\lib\gradle-launcher-7.0.2.jar
Launcher Type: SUN_STANDARD

[Global flags]
     intx CICompilerCount                          = 3                                         {product} {ergonomic}
     uint ConcGCThreads                            = 1                                         {product} {ergonomic}
     uint G1ConcRefinementThreads                  = 4                                         {product} {ergonomic}
   size_t G1HeapRegionSize                         = 1048576                                   {product} {ergonomic}
    uintx GCDrainStackTargetSize                   = 64                                        {product} {ergonomic}
   size_t InitialHeapSize                          = 201326592                                 {product} {ergonomic}
   size_t MarkStackSize                            = 4194304                                   {product} {ergonomic}
   size_t MaxHeapSize                              = 2147483648                                {product} {command line}
   size_t MaxNewSize                               = 1287651328                                {product} {ergonomic}
   size_t MinHeapDeltaBytes                        = 1048576                                   {product} {ergonomic}
    uintx NonNMethodCodeHeapSize                   = 5830732                                {pd product} {ergonomic}
    uintx NonProfiledCodeHeapSize                  = 122913754                              {pd product} {ergonomic}
    uintx ProfiledCodeHeapSize                     = 122913754                              {pd product} {ergonomic}
    uintx ReservedCodeCacheSize                    = 251658240                              {pd product} {ergonomic}
     bool SegmentedCodeCache                       = true                                      {product} {ergonomic}
     bool UseCompressedClassPointers               = true                                 {lp64_product} {ergonomic}
     bool UseCompressedOops                        = true                                 {lp64_product} {ergonomic}
     bool UseG1GC                                  = true                                      {product} {ergonomic}
     bool UseLargePagesIndividualAllocation        = false                                  {pd product} {ergonomic}

Logging:
Log output configuration:
 #0: stdout all=warning uptime,level,tags
 #1: stderr all=off uptime,level,tags

Environment Variables:
PATH=C:\Windows\system32;C:\Windows;C:\Windows\System32\Wbem;C:\Windows\System32\WindowsPowerShell\v1.0\;C:\Windows\System32\OpenSSH\;C:\Program Files\dotnet\;C:\Program Files\Git\cmd;C:\ProgramData\chocolatey\bin;C:\Users\leoha\AppData\Local\Microsoft\WindowsApps;C:\Users\leoha\Documents\Flutter\flutter\bin;C:\tools\dart-sdk\bin;C:\Users\leoha\AppData\Roaming\Pub\Cache\bin;
USERNAME=leoha
OS=Windows_NT
PROCESSOR_IDENTIFIER=Intel64 Family 6 Model 60 Stepping 3, GenuineIntel



---------------  S Y S T E M  ---------------

OS: Windows 10 , 64 bit Build 22000 (10.0.22000.675)
OS uptime: 4 days 11:25 hours

CPU:total 4 (initial active 4) (4 cores per cpu, 1 threads per core) family 6 model 60 stepping 3 microcode 0x28, cmov, cx8, fxsr, mmx, sse, sse2, sse3, ssse3, sse4.1, sse4.2, popcnt, avx, avx2, aes, clmul, erms, lzcnt, tsc, tscinvbit, bmi1, bmi2, fma

Memory: 4k page, system-wide physical 12176M (1249M free)
TotalPageFile size 14594M (AvailPageFile size 43M)
current process WorkingSet (physical memory assigned to process): 573M, peak: 573M
current process commit charge ("private bytes"): 597M, peak: 640M

vm_info: OpenJDK 64-Bit Server VM (11.0.10+0-b96-7249189) for windows-amd64 JRE (11.0.10+0-b96-7249189), built on Mar 31 2021 21:44:00 by "builder" with MS VC++ 14.0 (VS2015)

END.
